<?xml version="1.0" encoding="utf-8"?><testsuites name="pytest tests"><testsuite name="pytest" errors="0" failures="0" skipped="0" tests="32" time="6.969" timestamp="2026-09-01T11:47:59.342422+00:00" hostname="agent-env-9314cc4a-0e26-4f95-b818-be13690dc68f"><testcase classname="tests.test_gigverdict.TestAuth" name="test_root" time="0.310" /><testcase classname="tests.test_gigverdict.TestSettingsGoal" name="test_get_settings" time="0.260" /><testcase classname="tests.test_gigverdict.TestSettingsGoal" name="test_update_settings" time="0.172" /><testcase classname="tests.test_gigverdict.TestAuth" name="test_me_with_valid_token" time="0.233" /><testcase classname="tests.test_gigverdict.TestSettingsGoal" name="test_preset[aggressive]" time="0.224" /><testcase classname="tests.test_gigverdict.TestAuth" name="test_me_missing_bearer_returns_401" time="0.124" /><testcase classname="tests.test_gigverdict.TestSettingsGoal" name="test_preset[balanced]" time="0.233" /><testcase classname="tests.test_gigverdict.TestAuth" name="test_me_invalid_bearer_returns_401" time="0.211" /><testcase classname="tests.test_gigverdict.TestAuth" name="test_session_rejects_bad_session_id" time="0.205" /><testcase classname="tests.test_gigverdict.TestSettingsGoal" name="test_preset[selective]" time="0.235" /><testcase classname="tests.test_gigverdict.TestZones" name="test_list_zones" time="0.251" /><testcase classname="tests.test_gigverdict.TestSettingsGoal" name="test_preset_invalid" time="0.140" /><testcase classname="tests.test_gigverdict.TestSettingsGoal" name="test_goal_get_put" time="0.317" /><testcase classname="tests.test_gigverdict.TestZones" name="test_create_zone" time="0.235" /><testcase classname="tests.test_gigverdict.TestZones" name="test_update_zone" time="0.136" /><testcase classname="tests.test_gigverdict.TestOffers" name="test_save_offer" time="0.120" /><testcase classname="tests.test_gigverdict.TestOffers" name="test_decision" time="0.140" /><testcase classname="tests.test_gigverdict.TestZones" name="test_delete_zone_soft" time="0.208" /><testcase classname="tests.test_gigverdict.TestOffers" name="test_decision_invalid_offer" time="0.154" /><testcase classname="tests.test_gigverdict.TestZones" name="test_best_zone" time="0.154" /><testcase classname="tests.test_gigverdict.TestOffers" name="test_list_offers_no_mongo_id" time="0.136" /><testcase classname="tests.test_gigverdict.TestShifts" name="test_list_shifts" time="0.143" /><testcase classname="tests.test_gigverdict.TestVerdict" name="test_strong_offer_take" time="0.117" /><testcase classname="tests.test_gigverdict.TestShifts" name="test_start_shift_idempotent" time="0.246" /><testcase classname="tests.test_gigverdict.TestVerdict" name="test_weak_offer_decline" time="0.137" /><testcase classname="tests.test_gigverdict.TestDeliveriesRestaurants" name="test_create_delivery_and_list" time="0.202" /><testcase classname="tests.test_gigverdict.TestShifts" name="test_active_shift_metrics" time="0.211" /><testcase classname="tests.test_gigverdict.TestDeliveriesRestaurants" name="test_restaurants_intel" time="0.118" /><testcase classname="tests.test_gigverdict.TestShifts" name="test_today_summary" time="0.113" /><testcase classname="tests.test_gigverdict.TestDashboard" name="test_dashboard_shape" time="0.181" /><testcase classname="tests.test_gigverdict.TestAnalytics" name="test_time_intel" time="0.125" /><testcase classname="tests.test_gigverdict.TestScan" name="test_scan_realistic_image" time="3.684" /></testsuite></testsuites>